<?xml version="1.0" encoding="UTF-8"?><testrun name="SpringBoot_REST_App_with_JUnit5" project="SpringBoot_REST_App_with_JUnit5" tests="6" started="6" failures="1" errors="1" ignored="0">
  <testsuite name="personal.learning.controller.BrandControllerTest" time="1.585" displayname="BrandControllerTest" uniqueid="[engine:junit-jupiter]/[class:personal.learning.controller.BrandControllerTest]">
    <testcase name="shouldReturnDefaultBrandWhenBrandwithGivenIdNotPresent" classname="personal.learning.controller.BrandControllerTest" time="0.768" displayname="shouldReturnDefaultBrandWhenBrandwithGivenIdNotPresent()" uniqueid="[engine:junit-jupiter]/[class:personal.learning.controller.BrandControllerTest]/[method:shouldReturnDefaultBrandWhenBrandwithGivenIdNotPresent()]">
      <error>java.lang.NullPointerException&#13;
	at personal.learning.services.BrandService.getBrand(BrandService.java:35)&#13;
	at personal.learning.controller.BrandController.getBrand(BrandController.java:60)&#13;
	at personal.learning.controller.BrandControllerTest.shouldReturnDefaultBrandWhenBrandwithGivenIdNotPresent(BrandControllerTest.java:49)&#13;
	at sun.reflect.NativeMethodAccessorImpl.invoke0(Native Method)&#13;
	at sun.reflect.NativeMethodAccessorImpl.invoke(NativeMethodAccessorImpl.java:62)&#13;
	at sun.reflect.DelegatingMethodAccessorImpl.invoke(DelegatingMethodAccessorImpl.java:43)&#13;
	at java.lang.reflect.Method.invoke(Method.java:498)&#13;
	at org.junit.platform.commons.util.ReflectionUtils.invokeMethod(ReflectionUtils.java:725)&#13;
	at org.junit.jupiter.engine.execution.MethodInvocation.proceed(MethodInvocation.java:60)&#13;
	at org.junit.jupiter.engine.execution.InvocationInterceptorChain$ValidatingInvocation.proceed(InvocationInterceptorChain.java:131)&#13;
	at org.junit.jupiter.engine.extension.TimeoutExtension.intercept(TimeoutExtension.java:149)&#13;
	at org.junit.jupiter.engine.extension.TimeoutExtension.interceptTestableMethod(TimeoutExtension.java:140)&#13;
	at org.junit.jupiter.engine.extension.TimeoutExtension.interceptTestMethod(TimeoutExtension.java:84)&#13;
	at org.junit.jupiter.engine.execution.ExecutableInvoker$ReflectiveInterceptorCall.lambda$ofVoidMethod$0(ExecutableInvoker.java:115)&#13;
	at org.junit.jupiter.engine.execution.ExecutableInvoker.lambda$invoke$0(ExecutableInvoker.java:105)&#13;
	at org.junit.jupiter.engine.execution.InvocationInterceptorChain$InterceptedInvocation.proceed(InvocationInterceptorChain.java:106)&#13;
	at org.junit.jupiter.engine.execution.InvocationInterceptorChain.proceed(InvocationInterceptorChain.java:64)&#13;
	at org.junit.jupiter.engine.execution.InvocationInterceptorChain.chainAndInvoke(InvocationInterceptorChain.java:45)&#13;
	at org.junit.jupiter.engine.execution.InvocationInterceptorChain.invoke(InvocationInterceptorChain.java:37)&#13;
	at org.junit.jupiter.engine.execution.ExecutableInvoker.invoke(ExecutableInvoker.java:104)&#13;
	at org.junit.jupiter.engine.execution.ExecutableInvoker.invoke(ExecutableInvoker.java:98)&#13;
	at org.junit.jupiter.engine.descriptor.TestMethodTestDescriptor.lambda$invokeTestMethod$7(TestMethodTestDescriptor.java:214)&#13;
	at org.junit.platform.engine.support.hierarchical.ThrowableCollector.execute(ThrowableCollector.java:73)&#13;
	at org.junit.jupiter.engine.descriptor.TestMethodTestDescriptor.invokeTestMethod(TestMethodTestDescriptor.java:210)&#13;
	at org.junit.jupiter.engine.descriptor.TestMethodTestDescriptor.execute(TestMethodTestDescriptor.java:135)&#13;
	at org.junit.jupiter.engine.descriptor.TestMethodTestDescriptor.execute(TestMethodTestDescriptor.java:66)&#13;
	at org.junit.platform.engine.support.hierarchical.NodeTestTask.lambda$executeRecursively$6(NodeTestTask.java:151)&#13;
	at org.junit.platform.engine.support.hierarchical.ThrowableCollector.execute(ThrowableCollector.java:73)&#13;
	at org.junit.platform.engine.support.hierarchical.NodeTestTask.lambda$executeRecursively$8(NodeTestTask.java:141)&#13;
	at org.junit.platform.engine.support.hierarchical.Node.around(Node.java:137)&#13;
	at org.junit.platform.engine.support.hierarchical.NodeTestTask.lambda$executeRecursively$9(NodeTestTask.java:139)&#13;
	at org.junit.platform.engine.support.hierarchical.ThrowableCollector.execute(ThrowableCollector.java:73)&#13;
	at org.junit.platform.engine.support.hierarchical.NodeTestTask.executeRecursively(NodeTestTask.java:138)&#13;
	at org.junit.platform.engine.support.hierarchical.NodeTestTask.execute(NodeTestTask.java:95)&#13;
	at java.util.ArrayList.forEach(ArrayList.java:1257)&#13;
	at org.junit.platform.engine.support.hierarchical.SameThreadHierarchicalTestExecutorService.invokeAll(SameThreadHierarchicalTestExecutorService.java:41)&#13;
	at org.junit.platform.engine.support.hierarchical.NodeTestTask.lambda$executeRecursively$6(NodeTestTask.java:155)&#13;
	at org.junit.platform.engine.support.hierarchical.ThrowableCollector.execute(ThrowableCollector.java:73)&#13;
	at org.junit.platform.engine.support.hierarchical.NodeTestTask.lambda$executeRecursively$8(NodeTestTask.java:141)&#13;
	at org.junit.platform.engine.support.hierarchical.Node.around(Node.java:137)&#13;
	at org.junit.platform.engine.support.hierarchical.NodeTestTask.lambda$executeRecursively$9(NodeTestTask.java:139)&#13;
	at org.junit.platform.engine.support.hierarchical.ThrowableCollector.execute(ThrowableCollector.java:73)&#13;
	at org.junit.platform.engine.support.hierarchical.NodeTestTask.executeRecursively(NodeTestTask.java:138)&#13;
	at org.junit.platform.engine.support.hierarchical.NodeTestTask.execute(NodeTestTask.java:95)&#13;
	at java.util.ArrayList.forEach(ArrayList.java:1257)&#13;
	at org.junit.platform.engine.support.hierarchical.SameThreadHierarchicalTestExecutorService.invokeAll(SameThreadHierarchicalTestExecutorService.java:41)&#13;
	at org.junit.platform.engine.support.hierarchical.NodeTestTask.lambda$executeRecursively$6(NodeTestTask.java:155)&#13;
	at org.junit.platform.engine.support.hierarchical.ThrowableCollector.execute(ThrowableCollector.java:73)&#13;
	at org.junit.platform.engine.support.hierarchical.NodeTestTask.lambda$executeRecursively$8(NodeTestTask.java:141)&#13;
	at org.junit.platform.engine.support.hierarchical.Node.around(Node.java:137)&#13;
	at org.junit.platform.engine.support.hierarchical.NodeTestTask.lambda$executeRecursively$9(NodeTestTask.java:139)&#13;
	at org.junit.platform.engine.support.hierarchical.ThrowableCollector.execute(ThrowableCollector.java:73)&#13;
	at org.junit.platform.engine.support.hierarchical.NodeTestTask.executeRecursively(NodeTestTask.java:138)&#13;
	at org.junit.platform.engine.support.hierarchical.NodeTestTask.execute(NodeTestTask.java:95)&#13;
	at org.junit.platform.engine.support.hierarchical.SameThreadHierarchicalTestExecutorService.submit(SameThreadHierarchicalTestExecutorService.java:35)&#13;
	at org.junit.platform.engine.support.hierarchical.HierarchicalTestExecutor.execute(HierarchicalTestExecutor.java:57)&#13;
	at org.junit.platform.engine.support.hierarchical.HierarchicalTestEngine.execute(HierarchicalTestEngine.java:54)&#13;
	at org.junit.platform.launcher.core.EngineExecutionOrchestrator.execute(EngineExecutionOrchestrator.java:107)&#13;
	at org.junit.platform.launcher.core.EngineExecutionOrchestrator.execute(EngineExecutionOrchestrator.java:88)&#13;
	at org.junit.platform.launcher.core.EngineExecutionOrchestrator.lambda$execute$0(EngineExecutionOrchestrator.java:54)&#13;
	at org.junit.platform.launcher.core.EngineExecutionOrchestrator.withInterceptedStreams(EngineExecutionOrchestrator.java:67)&#13;
	at org.junit.platform.launcher.core.EngineExecutionOrchestrator.execute(EngineExecutionOrchestrator.java:52)&#13;
	at org.junit.platform.launcher.core.DefaultLauncher.execute(DefaultLauncher.java:114)&#13;
	at org.junit.platform.launcher.core.DefaultLauncher.execute(DefaultLauncher.java:95)&#13;
	at org.junit.platform.launcher.core.DefaultLauncherSession$DelegatingLauncher.execute(DefaultLauncherSession.java:91)&#13;
	at org.junit.platform.launcher.core.SessionPerRequestLauncher.execute(SessionPerRequestLauncher.java:60)&#13;
	at org.eclipse.jdt.internal.junit5.runner.JUnit5TestReference.run(JUnit5TestReference.java:98)&#13;
	at org.eclipse.jdt.internal.junit.runner.TestExecution.run(TestExecution.java:40)&#13;
	at org.eclipse.jdt.internal.junit.runner.RemoteTestRunner.runTests(RemoteTestRunner.java:529)&#13;
	at org.eclipse.jdt.internal.junit.runner.RemoteTestRunner.runTests(RemoteTestRunner.java:756)&#13;
	at org.eclipse.jdt.internal.junit.runner.RemoteTestRunner.run(RemoteTestRunner.java:452)&#13;
	at org.eclipse.jdt.internal.junit.runner.RemoteTestRunner.main(RemoteTestRunner.java:210)&#13;
&#13;
</error>
    </testcase>
    <testcase name="shouldReturnNonEmptyList" classname="personal.learning.controller.BrandControllerTest" time="0.433" displayname="shouldReturnNonEmptyList()" uniqueid="[engine:junit-jupiter]/[class:personal.learning.controller.BrandControllerTest]/[method:shouldReturnNonEmptyList()]"/>
    <testcase name="shouldGiveErrorDuringBrandCreationIfBrandAlreadyExists" classname="personal.learning.controller.BrandControllerTest" time="0.093" displayname="shouldGiveErrorDuringBrandCreationIfBrandAlreadyExists()" uniqueid="[engine:junit-jupiter]/[class:personal.learning.controller.BrandControllerTest]/[method:shouldGiveErrorDuringBrandCreationIfBrandAlreadyExists()]">
      <failure>
        <expected>ErrorPayload [errorMessage=Creation of brand is unsuccessful, status=422 UNPROCESSABLE_ENTITY]</expected>
        <actual>ErrorPayload [errorMessage=Brand with brand id [2] is not updated, status=404 NOT_FOUND]</actual>
        org.opentest4j.AssertionFailedError: &#13;
expected: ErrorPayload [errorMessage=Creation of brand is unsuccessful, status=422 UNPROCESSABLE_ENTITY]&#13;
 but was: ErrorPayload [errorMessage=Brand with brand id [2] is not updated, status=404 NOT_FOUND]&#13;
	at sun.reflect.NativeConstructorAccessorImpl.newInstance0(Native Method)&#13;
	at sun.reflect.NativeConstructorAccessorImpl.newInstance(NativeConstructorAccessorImpl.java:62)&#13;
	at sun.reflect.DelegatingConstructorAccessorImpl.newInstance(DelegatingConstructorAccessorImpl.java:45)&#13;
	at personal.learning.controller.BrandControllerTest.shouldGiveErrorDuringBrandCreationIfBrandAlreadyExists(BrandControllerTest.java:55)&#13;
	at sun.reflect.NativeMethodAccessorImpl.invoke0(Native Method)&#13;
	at sun.reflect.NativeMethodAccessorImpl.invoke(NativeMethodAccessorImpl.java:62)&#13;
	at sun.reflect.DelegatingMethodAccessorImpl.invoke(DelegatingMethodAccessorImpl.java:43)&#13;
	at java.lang.reflect.Method.invoke(Method.java:498)&#13;
	at org.junit.platform.commons.util.ReflectionUtils.invokeMethod(ReflectionUtils.java:725)&#13;
	at org.junit.jupiter.engine.execution.MethodInvocation.proceed(MethodInvocation.java:60)&#13;
	at org.junit.jupiter.engine.execution.InvocationInterceptorChain$ValidatingInvocation.proceed(InvocationInterceptorChain.java:131)&#13;
	at org.junit.jupiter.engine.extension.TimeoutExtension.intercept(TimeoutExtension.java:149)&#13;
	at org.junit.jupiter.engine.extension.TimeoutExtension.interceptTestableMethod(TimeoutExtension.java:140)&#13;
	at org.junit.jupiter.engine.extension.TimeoutExtension.interceptTestMethod(TimeoutExtension.java:84)&#13;
	at org.junit.jupiter.engine.execution.ExecutableInvoker$ReflectiveInterceptorCall.lambda$ofVoidMethod$0(ExecutableInvoker.java:115)&#13;
	at org.junit.jupiter.engine.execution.ExecutableInvoker.lambda$invoke$0(ExecutableInvoker.java:105)&#13;
	at org.junit.jupiter.engine.execution.InvocationInterceptorChain$InterceptedInvocation.proceed(InvocationInterceptorChain.java:106)&#13;
	at org.junit.jupiter.engine.execution.InvocationInterceptorChain.proceed(InvocationInterceptorChain.java:64)&#13;
	at org.junit.jupiter.engine.execution.InvocationInterceptorChain.chainAndInvoke(InvocationInterceptorChain.java:45)&#13;
	at org.junit.jupiter.engine.execution.InvocationInterceptorChain.invoke(InvocationInterceptorChain.java:37)&#13;
	at org.junit.jupiter.engine.execution.ExecutableInvoker.invoke(ExecutableInvoker.java:104)&#13;
	at org.junit.jupiter.engine.execution.ExecutableInvoker.invoke(ExecutableInvoker.java:98)&#13;
	at org.junit.jupiter.engine.descriptor.TestMethodTestDescriptor.lambda$invokeTestMethod$7(TestMethodTestDescriptor.java:214)&#13;
	at org.junit.platform.engine.support.hierarchical.ThrowableCollector.execute(ThrowableCollector.java:73)&#13;
	at org.junit.jupiter.engine.descriptor.TestMethodTestDescriptor.invokeTestMethod(TestMethodTestDescriptor.java:210)&#13;
	at org.junit.jupiter.engine.descriptor.TestMethodTestDescriptor.execute(TestMethodTestDescriptor.java:135)&#13;
	at org.junit.jupiter.engine.descriptor.TestMethodTestDescriptor.execute(TestMethodTestDescriptor.java:66)&#13;
	at org.junit.platform.engine.support.hierarchical.NodeTestTask.lambda$executeRecursively$6(NodeTestTask.java:151)&#13;
	at org.junit.platform.engine.support.hierarchical.ThrowableCollector.execute(ThrowableCollector.java:73)&#13;
	at org.junit.platform.engine.support.hierarchical.NodeTestTask.lambda$executeRecursively$8(NodeTestTask.java:141)&#13;
	at org.junit.platform.engine.support.hierarchical.Node.around(Node.java:137)&#13;
	at org.junit.platform.engine.support.hierarchical.NodeTestTask.lambda$executeRecursively$9(NodeTestTask.java:139)&#13;
	at org.junit.platform.engine.support.hierarchical.ThrowableCollector.execute(ThrowableCollector.java:73)&#13;
	at org.junit.platform.engine.support.hierarchical.NodeTestTask.executeRecursively(NodeTestTask.java:138)&#13;
	at org.junit.platform.engine.support.hierarchical.NodeTestTask.execute(NodeTestTask.java:95)&#13;
	at java.util.ArrayList.forEach(ArrayList.java:1257)&#13;
	at org.junit.platform.engine.support.hierarchical.SameThreadHierarchicalTestExecutorService.invokeAll(SameThreadHierarchicalTestExecutorService.java:41)&#13;
	at org.junit.platform.engine.support.hierarchical.NodeTestTask.lambda$executeRecursively$6(NodeTestTask.java:155)&#13;
	at org.junit.platform.engine.support.hierarchical.ThrowableCollector.execute(ThrowableCollector.java:73)&#13;
	at org.junit.platform.engine.support.hierarchical.NodeTestTask.lambda$executeRecursively$8(NodeTestTask.java:141)&#13;
	at org.junit.platform.engine.support.hierarchical.Node.around(Node.java:137)&#13;
	at org.junit.platform.engine.support.hierarchical.NodeTestTask.lambda$executeRecursively$9(NodeTestTask.java:139)&#13;
	at org.junit.platform.engine.support.hierarchical.ThrowableCollector.execute(ThrowableCollector.java:73)&#13;
	at org.junit.platform.engine.support.hierarchical.NodeTestTask.executeRecursively(NodeTestTask.java:138)&#13;
	at org.junit.platform.engine.support.hierarchical.NodeTestTask.execute(NodeTestTask.java:95)&#13;
	at java.util.ArrayList.forEach(ArrayList.java:1257)&#13;
	at org.junit.platform.engine.support.hierarchical.SameThreadHierarchicalTestExecutorService.invokeAll(SameThreadHierarchicalTestExecutorService.java:41)&#13;
	at org.junit.platform.engine.support.hierarchical.NodeTestTask.lambda$executeRecursively$6(NodeTestTask.java:155)&#13;
	at org.junit.platform.engine.support.hierarchical.ThrowableCollector.execute(ThrowableCollector.java:73)&#13;
	at org.junit.platform.engine.support.hierarchical.NodeTestTask.lambda$executeRecursively$8(NodeTestTask.java:141)&#13;
	at org.junit.platform.engine.support.hierarchical.Node.around(Node.java:137)&#13;
	at org.junit.platform.engine.support.hierarchical.NodeTestTask.lambda$executeRecursively$9(NodeTestTask.java:139)&#13;
	at org.junit.platform.engine.support.hierarchical.ThrowableCollector.execute(ThrowableCollector.java:73)&#13;
	at org.junit.platform.engine.support.hierarchical.NodeTestTask.executeRecursively(NodeTestTask.java:138)&#13;
	at org.junit.platform.engine.support.hierarchical.NodeTestTask.execute(NodeTestTask.java:95)&#13;
	at org.junit.platform.engine.support.hierarchical.SameThreadHierarchicalTestExecutorService.submit(SameThreadHierarchicalTestExecutorService.java:35)&#13;
	at org.junit.platform.engine.support.hierarchical.HierarchicalTestExecutor.execute(HierarchicalTestExecutor.java:57)&#13;
	at org.junit.platform.engine.support.hierarchical.HierarchicalTestEngine.execute(HierarchicalTestEngine.java:54)&#13;
	at org.junit.platform.launcher.core.EngineExecutionOrchestrator.execute(EngineExecutionOrchestrator.java:107)&#13;
	at org.junit.platform.launcher.core.EngineExecutionOrchestrator.execute(EngineExecutionOrchestrator.java:88)&#13;
	at org.junit.platform.launcher.core.EngineExecutionOrchestrator.lambda$execute$0(EngineExecutionOrchestrator.java:54)&#13;
	at org.junit.platform.launcher.core.EngineExecutionOrchestrator.withInterceptedStreams(EngineExecutionOrchestrator.java:67)&#13;
	at org.junit.platform.launcher.core.EngineExecutionOrchestrator.execute(EngineExecutionOrchestrator.java:52)&#13;
	at org.junit.platform.launcher.core.DefaultLauncher.execute(DefaultLauncher.java:114)&#13;
	at org.junit.platform.launcher.core.DefaultLauncher.execute(DefaultLauncher.java:95)&#13;
	at org.junit.platform.launcher.core.DefaultLauncherSession$DelegatingLauncher.execute(DefaultLauncherSession.java:91)&#13;
	at org.junit.platform.launcher.core.SessionPerRequestLauncher.execute(SessionPerRequestLauncher.java:60)&#13;
	at org.eclipse.jdt.internal.junit5.runner.JUnit5TestReference.run(JUnit5TestReference.java:98)&#13;
	at org.eclipse.jdt.internal.junit.runner.TestExecution.run(TestExecution.java:40)&#13;
	at org.eclipse.jdt.internal.junit.runner.RemoteTestRunner.runTests(RemoteTestRunner.java:529)&#13;
	at org.eclipse.jdt.internal.junit.runner.RemoteTestRunner.runTests(RemoteTestRunner.java:756)&#13;
	at org.eclipse.jdt.internal.junit.runner.RemoteTestRunner.run(RemoteTestRunner.java:452)&#13;
	at org.eclipse.jdt.internal.junit.runner.RemoteTestRunner.main(RemoteTestRunner.java:210)&#13;
&#13;

      </failure>
    </testcase>
    <testcase name="shouldReturnErrorDuringUpdationIfBrandDoesNotExist" classname="personal.learning.controller.BrandControllerTest" time="0.137" displayname="shouldReturnErrorDuringUpdationIfBrandDoesNotExist()" uniqueid="[engine:junit-jupiter]/[class:personal.learning.controller.BrandControllerTest]/[method:shouldReturnErrorDuringUpdationIfBrandDoesNotExist()]"/>
    <testcase name="shouldReturnErrorIfDuringDeletionBrandDoesNotExist" classname="personal.learning.controller.BrandControllerTest" time="0.135" displayname="shouldReturnErrorIfDuringDeletionBrandDoesNotExist()" uniqueid="[engine:junit-jupiter]/[class:personal.learning.controller.BrandControllerTest]/[method:shouldReturnErrorIfDuringDeletionBrandDoesNotExist()]"/>
    <testcase name="shouldReturnErrorDuringUpdationIfBrandIdOfPayloadAndParameterDoesNotMatch" classname="personal.learning.controller.BrandControllerTest" time="0.012" displayname="shouldReturnErrorDuringUpdationIfBrandIdOfPayloadAndParameterDoesNotMatch()" uniqueid="[engine:junit-jupiter]/[class:personal.learning.controller.BrandControllerTest]/[method:shouldReturnErrorDuringUpdationIfBrandIdOfPayloadAndParameterDoesNotMatch()]"/>
  </testsuite>
</testrun>
